<?xml version="1.0" encoding="UTF-8"?>
<!-- Generated by org.testng.reporters.JUnitReportReporter -->
<testsuite skipped="0" hostname="Jayavelu-PC" name="Scripts.EditUserUseCase" tests="1" failures="0" timestamp="19 Aug 2019 20:57:38 GMT" time="20.678" errors="0">
  <testcase name="editUser" time="20.678" classname="Scripts.EditUserUseCase"/>
</testsuite> <!-- Scripts.EditUserUseCase -->
