<?xml version="1.0" encoding="UTF-8"?>
<!-- Generated by org.testng.reporters.JUnitReportReporter -->
<testsuite skipped="0" hostname="Jayavelu-PC" name="Scripts.CreateUserTest" tests="1" failures="0" timestamp="19 Aug 2019 20:57:38 GMT" time="23.400" errors="0">
  <testcase name="createUser" time="23.400" classname="Scripts.CreateUserTest"/>
</testsuite> <!-- Scripts.CreateUserTest -->
