<?xml version="1.0" encoding="UTF-8"?>
<!-- Generated by org.testng.reporters.JUnitReportReporter -->
<testsuite skipped="0" hostname="Jayavelu-PC" name="Scripts.UseCase1Login" tests="1" failures="0" timestamp="19 Aug 2019 20:57:38 GMT" time="16.984" errors="0">
  <testcase name="checkLoginHome" time="16.984" classname="Scripts.UseCase1Login"/>
</testsuite> <!-- Scripts.UseCase1Login -->
