<?xml version="1.0" encoding="UTF-8"?>
<!-- Generated by org.testng.reporters.JUnitReportReporter -->
<testsuite skipped="0" hostname="Jayavelu-PC" name="Scripts.SearchEmpTest" tests="1" failures="0" timestamp="19 Aug 2019 20:57:38 GMT" time="18.872" errors="0">
  <testcase name="searchEmployee" time="18.872" classname="Scripts.SearchEmpTest"/>
</testsuite> <!-- Scripts.SearchEmpTest -->
